<?xml version="1.0" encoding="UTF-8"?>
<testng-results ignored="0" total="2" passed="2" failed="0" skipped="0">
  <reporter-output>
  </reporter-output>
  <suite started-at="2022-07-08T19:33:47 IST" name="Default Suite" finished-at="2022-07-08T19:33:49 IST" duration-ms="1953">
    <groups>
    </groups>
    <test started-at="2022-07-08T19:33:47 IST" name="RestassuredProject" finished-at="2022-07-08T19:33:49 IST" duration-ms="1953">
      <class name="ApiTest">
        <test-method signature="test1()[pri:0, instance:ApiTest@4e50c791]" started-at="2022-07-08T19:33:47 IST" name="test1" finished-at="2022-07-08T19:33:49 IST" duration-ms="1701" status="PASS">
          <reporter-output>
          </reporter-output>
        </test-method> <!-- test1 -->
        <test-method signature="test2()[pri:0, instance:ApiTest@4e50c791]" started-at="2022-07-08T19:33:49 IST" name="test2" finished-at="2022-07-08T19:33:49 IST" duration-ms="192" status="PASS">
          <reporter-output>
          </reporter-output>
        </test-method> <!-- test2 -->
      </class> <!-- ApiTest -->
    </test> <!-- RestassuredProject -->
  </suite> <!-- Default Suite -->
</testng-results>
